#
# There is insufficient memory for the Java Runtime Environment to continue.
# Native memory allocation (malloc) failed to allocate 2097152 bytes for AllocateHeap
# Possible reasons:
#   The system is out of physical RAM or swap space
#   The process is running with CompressedOops enabled, and the Java Heap may be blocking the growth of the native heap
# Possible solutions:
#   Reduce memory load on the system
#   Increase physical memory or swap space
#   Check if swap backing store is full
#   Decrease Java heap size (-Xmx/-Xms)
#   Decrease number of Java threads
#   Decrease Java thread stack sizes (-Xss)
#   Set larger code cache with -XX:ReservedCodeCacheSize=
#   JVM is running with Unscaled Compressed Oops mode in which the Java heap is
#     placed in the first 4GB address space. The Java Heap base address is the
#     maximum limit for the native heap growth. Please use -XX:HeapBaseMinAddress
#     to set the Java Heap base and to place the Java Heap above 4GB virtual address.
# This output file may be truncated or incomplete.
#
#  Out of Memory Error (t:/workspace/open/src/hotspot/share/memory/allocation.cpp:45), pid=1492, tid=11836
#
# JRE version: Java(TM) SE Runtime Environment (13.0.1+9) (build 13.0.1+9)
# Java VM: Java HotSpot(TM) 64-Bit Server VM (13.0.1+9, mixed mode, sharing, tiered, compressed oops, g1 gc, windows-amd64)
# No core dump will be written. Minidumps are not enabled by default on client versions of Windows
#

---------------  S U M M A R Y ------------

Command Line: -Dcom.sun.management.jmxremote -Dcom.sun.management.jmxremote.port=55252 -Dcom.sun.management.jmxremote.authenticate=false -Dcom.sun.management.jmxremote.ssl=false -Djava.rmi.server.hostname=localhost -Dspring.jmx.enabled=true -Dspring.liveBeansView.mbeanDomain -Dspring.application.admin.enabled=true -Xverify:none -XX:TieredStopAtLevel=1 -Dspring.boot.project.name=bromoney-api -Dfile.encoding=UTF-8 com.brodrigues.bromoneyapi.BromoneyApiApplication --spring.output.ansi.enabled=always

Host: Intel(R) Core(TM) i7-7500U CPU @ 2.70GHz, 4 cores, 7G,  Windows 10 , 64 bit Build 18362 (10.0.18362.329)
Time: Sun Jan  5 21:51:29 2020 Hora oficial do Brasil elapsed time: 18020 seconds (0d 5h 0m 20s)

---------------  T H R E A D  ---------------

Current thread (0x00000171e56f5000):  VMThread "VM Thread" [stack: 0x0000003d18000000,0x0000003d18100000] [id=11836]

Stack: [0x0000003d18000000,0x0000003d18100000]
[error occurred during error reporting (printing stack bounds), id 0xc0000005, EXCEPTION_ACCESS_VIOLATION (0xc0000005) at pc=0x00000171cf5d10ad]

Native frames: (J=compiled Java code, j=interpreted, Vv=VM code, C=native code)
V  [jvm.dll+0x626eca]
V  [jvm.dll+0x772c6a]
V  [jvm.dll+0x77441f]
V  [jvm.dll+0x774985]
V  [jvm.dll+0x77493b]
V  [jvm.dll+0x6266ff]
C  [ntdll.dll+0x78636]
C  [ntdll.dll+0x6a0d6]
C  [ntdll.dll+0x9fe6e]
C  0x00000171cf5d10ad

VM_Operation (0x0000003d18dfec10): G1CollectFull, mode: safepoint, requested by thread 0x00000171e9e60000


---------------  P R O C E S S  ---------------

Threads class SMR info:
_java_thread_list=0x00000171e9cbbd90, length=18, elements={
0x00000171e56f7800, 0x00000171e5703800, 0x00000171e5717800, 0x00000171e5718800,
0x00000171e5719800, 0x00000171e5739000, 0x00000171e56dd000, 0x00000171e6141800,
0x00000171e65ab000, 0x00000171e65b4000, 0x00000171e65bc800, 0x00000171e6692000,
0x00000171e66fd800, 0x00000171e7d09800, 0x00000171e7d10000, 0x00000171e9e68000,
0x00000171e7d0e000, 0x00000171e9e60000
}

Java Threads: ( => current thread )
  0x00000171e56f7800 JavaThread "Reference Handler" daemon [_thread_blocked, id=8856, stack(0x0000003d18100000,0x0000003d18200000)]
  0x00000171e5703800 JavaThread "Finalizer" daemon [_thread_blocked, id=15280, stack(0x0000003d18200000,0x0000003d18300000)]
  0x00000171e5717800 JavaThread "Signal Dispatcher" daemon [_thread_blocked, id=9516, stack(0x0000003d18300000,0x0000003d18400000)]
  0x00000171e5718800 JavaThread "Attach Listener" daemon [_thread_blocked, id=9848, stack(0x0000003d18400000,0x0000003d18500000)]
  0x00000171e5719800 JavaThread "C1 CompilerThread0" daemon [_thread_blocked, id=19616, stack(0x0000003d18500000,0x0000003d18600000)]
  0x00000171e5739000 JavaThread "Sweeper thread" daemon [_thread_blocked, id=17056, stack(0x0000003d18600000,0x0000003d18700000)]
  0x00000171e56dd000 JavaThread "Common-Cleaner" daemon [_thread_blocked, id=20936, stack(0x0000003d18700000,0x0000003d18800000)]
  0x00000171e6141800 JavaThread "Service Thread" daemon [_thread_blocked, id=17260, stack(0x0000003d18800000,0x0000003d18900000)]
  0x00000171e65ab000 JavaThread "RMI TCP Accept-0" daemon [_thread_in_native, id=21580, stack(0x0000003d18900000,0x0000003d18a00000)]
  0x00000171e65b4000 JavaThread "RMI TCP Accept-55252" daemon [_thread_in_native, id=13028, stack(0x0000003d18a00000,0x0000003d18b00000)]
  0x00000171e65bc800 JavaThread "RMI TCP Accept-0" daemon [_thread_in_native, id=15332, stack(0x0000003d18b00000,0x0000003d18c00000)]
  0x00000171e6692000 JavaThread "RMI Scheduler(0)" daemon [_thread_blocked, id=10668, stack(0x0000003d18e00000,0x0000003d18f00000)]
  0x00000171e66fd800 JavaThread "JMX server connection timeout 19" daemon [_thread_blocked, id=4408, stack(0x0000003d19400000,0x0000003d19500000)]
  0x00000171e7d09800 JavaThread "mysql-cj-abandoned-connection-cleanup" daemon [_thread_blocked, id=8160, stack(0x0000003d19b00000,0x0000003d19c00000)]
  0x00000171e7d10000 JavaThread "Live Reload Server" daemon [_thread_in_native, id=16064, stack(0x0000003d1a100000,0x0000003d1a200000)]
  0x00000171e9e68000 JavaThread "DestroyJavaVM" [_thread_blocked, id=7616, stack(0x0000003d17a00000,0x0000003d17b00000)]
  0x00000171e7d0e000 JavaThread "RMI TCP Connection(idle)" daemon [_thread_blocked, id=6012, stack(0x0000003d1b000000,0x0000003d1b100000)]
  0x00000171e9e60000 JavaThread "Thread-8" [_thread_blocked, id=20404, stack(0x0000003d18d00000,0x0000003d18e00000)]

Other Threads:
=>0x00000171e56f5000 VMThread "VM Thread" [stack: 0x0000003d18000000,0x0000003d18100000] [id=11836]
  0x00000171e65a3800 WatcherThread [stack: 0x0000003d18c00000,0x0000003d18d00000] [id=13244]
  0x00000171c712f000 GCTaskThread "GC Thread#0" [stack: 0x0000003d17b00000,0x0000003d17c00000] [id=20332]
  0x00000171e66af800 GCTaskThread "GC Thread#1" [stack: 0x0000003d18f00000,0x0000003d19000000] [id=12348]
  0x00000171e66b0000 GCTaskThread "GC Thread#2" [stack: 0x0000003d19000000,0x0000003d19100000] [id=18952]
  0x00000171e6b8f000 GCTaskThread "GC Thread#3" [stack: 0x0000003d19800000,0x0000003d19900000] [id=23044]
  0x00000171c7142000 ConcurrentGCThread "G1 Main Marker" [stack: 0x0000003d17c00000,0x0000003d17d00000] [id=2520]
  0x00000171c7144000 ConcurrentGCThread "G1 Conc#0" [stack: 0x0000003d17d00000,0x0000003d17e00000] [id=22716]
  0x00000171e5573800 ConcurrentGCThread "G1 Refine#0" [stack: 0x0000003d17e00000,0x0000003d17f00000] [id=8752]
  0x00000171e66d2000 ConcurrentGCThread "G1 Refine#1" [stack: 0x0000003d19200000,0x0000003d19300000] [id=21600]
  0x00000171e668c800 ConcurrentGCThread "G1 Refine#2" [stack: 0x0000003d19300000,0x0000003d19400000] [id=22616]
  0x00000171e5574000 ConcurrentGCThread "G1 Young RemSet Sampling" [stack: 0x0000003d17f00000,0x0000003d18000000] [id=17160]

Threads with active compile tasks:

VM state:at safepoint (normal execution)

VM Mutex/Monitor currently owned by a thread:  ([mutex/lock_event])
[0x00000171c70e6db0] Threads_lock - owner thread: 0x00000171e56f5000
[0x00000171c70e5fa0] Heap_lock - owner thread: 0x00000171e9e60000

Heap address: 0x0000000081e00000, size: 2018 MB, Compressed Oops mode: 32-bit
Narrow klass base: 0x0000000800000000, Narrow klass shift: 3
Compressed class space size: 1073741824 Address: 0x0000000800b40000

Heap:
 garbage-first heap   total 65536K, used 36514K [0x0000000081e00000, 0x0000000100000000)
  region size 1024K, 11 young (11264K), 1 survivors (1024K)
 Metaspace       used 53099K, capacity 54920K, committed 55160K, reserved 1095680K
  class space    used 7308K, capacity 7962K, committed 8064K, reserved 1048576K
Heap Regions: E=young(eden), S=young(survivor), O=old, HS=humongous(starts), HC=humongous(continues), CS=collection set, F=free, A=archive, TAMS=top-at-mark-start (previous, next)
|   0|0x0000000081e00000, 0x0000000081f00000, 0x0000000081f00000|100%|HS|  |TAMS 0x0000000081e00000, 0x0000000081e00000| Untracked 
|   1|0x0000000081f00000, 0x0000000081fffff8, 0x0000000082000000| 99%| O|  |TAMS 0x0000000081f00000, 0x0000000081f00000| Untracked 
|   2|0x0000000082000000, 0x00000000820fff48, 0x0000000082100000| 99%| O|  |TAMS 0x0000000082000000, 0x0000000082000000| Untracked 
|   3|0x0000000082100000, 0x00000000821fffe8, 0x0000000082200000| 99%| O|  |TAMS 0x0000000082100000, 0x0000000082100000| Untracked 
|   4|0x0000000082200000, 0x00000000822ffff0, 0x0000000082300000| 99%| O|  |TAMS 0x0000000082200000, 0x0000000082200000| Untracked 
|   5|0x0000000082300000, 0x00000000823fbf18, 0x0000000082400000| 98%| O|  |TAMS 0x0000000082300000, 0x0000000082300000| Untracked 
|   6|0x0000000082400000, 0x00000000824fffd8, 0x0000000082500000| 99%| O|  |TAMS 0x0000000082400000, 0x0000000082400000| Untracked 
|   7|0x0000000082500000, 0x0000000082600000, 0x0000000082600000|100%| O|  |TAMS 0x0000000082500000, 0x0000000082500000| Untracked 
|   8|0x0000000082600000, 0x0000000082700000, 0x0000000082700000|100%| O|  |TAMS 0x0000000082600000, 0x0000000082600000| Untracked 
|   9|0x0000000082700000, 0x00000000827fffd0, 0x0000000082800000| 99%| O|  |TAMS 0x0000000082700000, 0x0000000082700000| Untracked 
|  10|0x0000000082800000, 0x00000000828ffff8, 0x0000000082900000| 99%| O|  |TAMS 0x0000000082800000, 0x0000000082800000| Untracked 
|  11|0x0000000082900000, 0x00000000829ffff8, 0x0000000082a00000| 99%| O|  |TAMS 0x0000000082900000, 0x0000000082900000| Untracked 
|  12|0x0000000082a00000, 0x0000000082affff8, 0x0000000082b00000| 99%| O|  |TAMS 0x0000000082a00000, 0x0000000082a00000| Untracked 
|  13|0x0000000082b00000, 0x0000000082bffff8, 0x0000000082c00000| 99%| O|  |TAMS 0x0000000082b00000, 0x0000000082b00000| Untracked 
|  14|0x0000000082c00000, 0x0000000082d00000, 0x0000000082d00000|100%| O|  |TAMS 0x0000000082c00000, 0x0000000082c00000| Untracked 
|  15|0x0000000082d00000, 0x0000000082dffff8, 0x0000000082e00000| 99%| O|  |TAMS 0x0000000082d00000, 0x0000000082d00000| Untracked 
|  16|0x0000000082e00000, 0x0000000082efffd8, 0x0000000082f00000| 99%| O|  |TAMS 0x0000000082e00000, 0x0000000082e00000| Untracked 
|  17|0x0000000082f00000, 0x0000000082ffffc8, 0x0000000083000000| 99%| O|  |TAMS 0x0000000082f00000, 0x0000000082f00000| Untracked 
|  18|0x0000000083000000, 0x00000000830c94d0, 0x0000000083100000| 78%| O|  |TAMS 0x0000000083000000, 0x0000000083000000| Untracked 
|  19|0x0000000083100000, 0x00000000831fffc0, 0x0000000083200000| 99%| O|  |TAMS 0x0000000083100000, 0x0000000083100000| Untracked 
|  20|0x0000000083200000, 0x00000000832f0f18, 0x0000000083300000| 94%| O|  |TAMS 0x0000000083200000, 0x0000000083200000| Untracked 
|  21|0x0000000083300000, 0x00000000833a5518, 0x0000000083400000| 64%| O|  |TAMS 0x0000000083300000, 0x0000000083300000| Untracked 
|  22|0x0000000083400000, 0x0000000083500000, 0x0000000083500000|100%| O|  |TAMS 0x0000000083400000, 0x0000000083400000| Untracked 
|  23|0x0000000083500000, 0x0000000083600000, 0x0000000083600000|100%| O|  |TAMS 0x0000000083500000, 0x0000000083500000| Untracked 
|  24|0x0000000083600000, 0x0000000083700000, 0x0000000083700000|100%| O|  |TAMS 0x0000000083600000, 0x0000000083600000| Untracked 
|  25|0x0000000083700000, 0x0000000083800000, 0x0000000083800000|100%| O|  |TAMS 0x0000000083700000, 0x0000000083700000| Untracked 
|  26|0x0000000083800000, 0x00000000838a3200, 0x0000000083900000| 63%| O|  |TAMS 0x0000000083800000, 0x0000000083800000| Untracked 
|  27|0x0000000083900000, 0x0000000083900000, 0x0000000083a00000|  0%| F|  |TAMS 0x0000000083900000, 0x0000000083900000| Untracked 
|  28|0x0000000083a00000, 0x0000000083a00000, 0x0000000083b00000|  0%| F|  |TAMS 0x0000000083a00000, 0x0000000083a00000| Untracked 
|  29|0x0000000083b00000, 0x0000000083b00000, 0x0000000083c00000|  0%| F|  |TAMS 0x0000000083b00000, 0x0000000083b00000| Untracked 
|  30|0x0000000083c00000, 0x0000000083c00000, 0x0000000083d00000|  0%| F|  |TAMS 0x0000000083c00000, 0x0000000083c00000| Untracked 
|  31|0x0000000083d00000, 0x0000000083d00000, 0x0000000083e00000|  0%| F|  |TAMS 0x0000000083d00000, 0x0000000083d00000| Untracked 
|  32|0x0000000083e00000, 0x0000000083e00000, 0x0000000083f00000|  0%| F|  |TAMS 0x0000000083e00000, 0x0000000083e00000| Untracked 
|  33|0x0000000083f00000, 0x0000000083f00000, 0x0000000084000000|  0%| F|  |TAMS 0x0000000083f00000, 0x0000000083f00000| Untracked 
|  34|0x0000000084000000, 0x0000000084000000, 0x0000000084100000|  0%| F|  |TAMS 0x0000000084000000, 0x0000000084000000| Untracked 
|  35|0x0000000084100000, 0x0000000084100000, 0x0000000084200000|  0%| F|  |TAMS 0x0000000084100000, 0x0000000084100000| Untracked 
|  36|0x0000000084200000, 0x0000000084200000, 0x0000000084300000|  0%| F|  |TAMS 0x0000000084200000, 0x0000000084200000| Untracked 
|  37|0x0000000084300000, 0x0000000084300000, 0x0000000084400000|  0%| F|  |TAMS 0x0000000084300000, 0x0000000084300000| Untracked 
|  38|0x0000000084400000, 0x00000000844aa1e0, 0x0000000084500000| 66%| S|CS|TAMS 0x0000000084400000, 0x0000000084400000| Complete 
|  39|0x0000000084500000, 0x0000000084500000, 0x0000000084600000|  0%| F|  |TAMS 0x0000000084500000, 0x0000000084500000| Untracked 
|  40|0x0000000084600000, 0x0000000084600000, 0x0000000084700000|  0%| F|  |TAMS 0x0000000084600000, 0x0000000084600000| Untracked 
|  41|0x0000000084700000, 0x0000000084700000, 0x0000000084800000|  0%| F|  |TAMS 0x0000000084700000, 0x0000000084700000| Untracked 
|  42|0x0000000084800000, 0x0000000084800000, 0x0000000084900000|  0%| F|  |TAMS 0x0000000084800000, 0x0000000084800000| Untracked 
|  43|0x0000000084900000, 0x0000000084900000, 0x0000000084a00000|  0%| F|  |TAMS 0x0000000084900000, 0x0000000084900000| Untracked 
|  44|0x0000000084a00000, 0x0000000084a00000, 0x0000000084b00000|  0%| F|  |TAMS 0x0000000084a00000, 0x0000000084a00000| Untracked 
|  45|0x0000000084b00000, 0x0000000084b00000, 0x0000000084c00000|  0%| F|  |TAMS 0x0000000084b00000, 0x0000000084b00000| Untracked 
|  46|0x0000000084c00000, 0x0000000084c00000, 0x0000000084d00000|  0%| F|  |TAMS 0x0000000084c00000, 0x0000000084c00000| Untracked 
|  47|0x0000000084d00000, 0x0000000084d00000, 0x0000000084e00000|  0%| F|  |TAMS 0x0000000084d00000, 0x0000000084d00000| Untracked 
|  48|0x0000000084e00000, 0x0000000084e00000, 0x0000000084f00000|  0%| F|  |TAMS 0x0000000084e00000, 0x0000000084e00000| Untracked 
|  49|0x0000000084f00000, 0x0000000084f00000, 0x0000000085000000|  0%| F|  |TAMS 0x0000000084f00000, 0x0000000084f00000| Untracked 
|  50|0x0000000085000000, 0x0000000085000000, 0x0000000085100000|  0%| F|  |TAMS 0x0000000085000000, 0x0000000085000000| Untracked 
|  51|0x0000000085100000, 0x0000000085100000, 0x0000000085200000|  0%| F|  |TAMS 0x0000000085100000, 0x0000000085100000| Untracked 
|  52|0x0000000085200000, 0x0000000085200000, 0x0000000085300000|  0%| F|  |TAMS 0x0000000085200000, 0x0000000085200000| Untracked 
|  53|0x0000000085300000, 0x0000000085300000, 0x0000000085400000|  0%| F|  |TAMS 0x0000000085300000, 0x0000000085300000| Untracked 
|  54|0x0000000085400000, 0x00000000854dda48, 0x0000000085500000| 86%| E|  |TAMS 0x0000000085400000, 0x0000000085400000| Complete 
|  55|0x0000000085500000, 0x0000000085600000, 0x0000000085600000|100%| E|CS|TAMS 0x0000000085500000, 0x0000000085500000| Complete 
|  56|0x0000000085600000, 0x0000000085700000, 0x0000000085700000|100%| E|CS|TAMS 0x0000000085600000, 0x0000000085600000| Complete 
|  57|0x0000000085700000, 0x0000000085800000, 0x0000000085800000|100%| E|CS|TAMS 0x0000000085700000, 0x0000000085700000| Complete 
| 103|0x0000000088500000, 0x0000000088600000, 0x0000000088600000|100%| E|CS|TAMS 0x0000000088500000, 0x0000000088500000| Complete 
| 104|0x0000000088600000, 0x0000000088700000, 0x0000000088700000|100%| E|CS|TAMS 0x0000000088600000, 0x0000000088600000| Complete 
| 105|0x0000000088700000, 0x0000000088800000, 0x0000000088800000|100%| E|CS|TAMS 0x0000000088700000, 0x0000000088700000| Complete 
| 106|0x0000000088800000, 0x0000000088900000, 0x0000000088900000|100%| E|CS|TAMS 0x0000000088800000, 0x0000000088800000| Complete 
| 107|0x0000000088900000, 0x0000000088a00000, 0x0000000088a00000|100%| E|CS|TAMS 0x0000000088900000, 0x0000000088900000| Complete 
| 127|0x0000000089d00000, 0x0000000089e00000, 0x0000000089e00000|100%| E|CS|TAMS 0x0000000089d00000, 0x0000000089d00000| Complete 

Card table byte_map: [0x00000171de9d0000,0x00000171dedd0000] _byte_map_base: 0x00000171de5c1000

Marking Bits (Prev, Next): (CMBitMap*) 0x00000171c712fef8, (CMBitMap*) 0x00000171c712feb8
 Prev Bits: [0x00000171e1160000, 0x00000171e30e8000)
 Next Bits: [0x00000171df1d0000, 0x00000171e1158000)

Polling page: 0x00000171c5240000

Metaspace:

Usage:
  Non-class:     45.86 MB capacity,    44.72 MB ( 98%) used,   975.37 KB (  2%) free+waste,   191.56 KB ( <1%) overhead. 
      Class:      7.78 MB capacity,     7.14 MB ( 92%) used,   558.73 KB (  7%) free+waste,    94.44 KB (  1%) overhead. 
       Both:     53.63 MB capacity,    51.86 MB ( 97%) used,     1.50 MB (  3%) free+waste,   286.00 KB ( <1%) overhead. 

Virtual space:
  Non-class space:       46.00 MB reserved,      45.99 MB (>99%) committed 
      Class space:        1.00 GB reserved,       7.88 MB ( <1%) committed 
             Both:        1.04 GB reserved,      53.87 MB (  5%) committed 

Chunk freelists:
   Non-Class:  10.00 KB
       Class:  0 bytes
        Both:  10.00 KB

MaxMetaspaceSize: 17179869184.00 GB
CompressedClassSpaceSize: 1.00 GB

CodeHeap 'non-profiled nmethods': size=238912Kb used=11266Kb max_used=11266Kb free=227645Kb
 bounds [0x00000171cfc80000, 0x00000171d0790000, 0x00000171de5d0000]
CodeHeap 'non-nmethods': size=6848Kb used=1327Kb max_used=1327Kb free=5520Kb
 bounds [0x00000171cf5d0000, 0x00000171cf840000, 0x00000171cfc80000]
 total_blobs=7622 nmethods=6634 adapters=540
 compilation: enabled
              stopped_count=0, restarted_count=0
 full_count=0

Compilation events (20 events):
Event: 17767.860 Thread 0x00000171e5719800 6733       1       java.io.ObjectStreamClass::hasReadObjectMethod (17 bytes)
Event: 17767.861 Thread 0x00000171e5719800 nmethod 6733 0x00000171d077b910 code [0x00000171d077bac0, 0x00000171d077bcf0]
Event: 17767.861 Thread 0x00000171e5719800 6734       1       java.io.ObjectStreamClass::hasReadResolveMethod (17 bytes)
Event: 17767.862 Thread 0x00000171e5719800 nmethod 6734 0x00000171d077be10 code [0x00000171d077bfc0, 0x00000171d077c1f0]
Event: 17969.808 Thread 0x00000171e5719800 6735       1       com.sun.jmx.remote.util.ClassLogger::debugOn (13 bytes)
Event: 17969.840 Thread 0x00000171e5719800 nmethod 6735 0x00000171d077c310 code [0x00000171d077c4c0, 0x00000171d077c630]
Event: 18019.608 Thread 0x00000171e5719800 6736       1       java.io.File::getAbsoluteFile (21 bytes)
Event: 18019.633 Thread 0x00000171e5719800 nmethod 6736 0x00000171d077c690 code [0x00000171d077c840, 0x00000171d077cac0]
Event: 18019.649 Thread 0x00000171e5719800 6737       1       org.springframework.context.event.GenericApplicationListenerAdapter::resolveDeclaredEventType (57 bytes)
Event: 18019.727 Thread 0x00000171e5719800 nmethod 6737 0x00000171d077cb90 code [0x00000171d077cd80, 0x00000171d077d0f0]
Event: 18020.048 Thread 0x00000171e5719800 6738       1       ch.qos.logback.classic.spi.LoggingEvent::getLevel (5 bytes)
Event: 18020.056 Thread 0x00000171e5719800 nmethod 6738 0x00000171d077d290 code [0x00000171d077d420, 0x00000171d077d558]
Event: 18020.155 Thread 0x00000171e5719800 6739   !   1       org.springframework.beans.factory.support.DefaultSingletonBeanRegistry::destroyBean (385 bytes)
Event: 18020.231 Thread 0x00000171e5719800 nmethod 6739 0x00000171d077d610 code [0x00000171d077da00, 0x00000171d077eda0]
Event: 18020.236 Thread 0x00000171e5719800 6740       1       ch.qos.logback.classic.Logger::filterAndLog_0_Or3Plus (61 bytes)
Event: 18020.268 Thread 0x00000171e5719800 nmethod 6740 0x00000171d077f710 code [0x00000171d077f900, 0x00000171d077fde0]
Event: 18020.769 Thread 0x00000171e5719800 6741       1       org.apache.catalina.ContainerEvent::getType (5 bytes)
Event: 18020.770 Thread 0x00000171e5719800 nmethod 6741 0x00000171d0780090 code [0x00000171d0780220, 0x00000171d0780358]
Event: 18020.794 Thread 0x00000171e5719800 6742       1       java.util.concurrent.CopyOnWriteArrayList::remove (34 bytes)
Event: 18020.794 Thread 0x00000171e5719800 nmethod 6742 0x00000171d0780410 code [0x00000171d07805c0, 0x00000171d07807a0]

GC Heap History (20 events):
Event: 12639.407 GC heap before
{Heap before GC invocations=44 (full 1):
 garbage-first heap   total 65536K, used 51864K [0x0000000081e00000, 0x0000000100000000)
  region size 1024K, 26 young (26624K), 2 survivors (2048K)
 Metaspace       used 53081K, capacity 54838K, committed 55160K, reserved 1095680K
  class space    used 7303K, capacity 7958K, committed 8064K, reserved 1048576K
}
Event: 12639.410 GC heap after
{Heap after GC invocations=45 (full 1):
 garbage-first heap   total 65536K, used 27319K [0x0000000081e00000, 0x0000000100000000)
  region size 1024K, 2 young (2048K), 2 survivors (2048K)
 Metaspace       used 53081K, capacity 54838K, committed 55160K, reserved 1095680K
  class space    used 7303K, capacity 7958K, committed 8064K, reserved 1048576K
}
Event: 13205.095 GC heap before
{Heap before GC invocations=45 (full 1):
 garbage-first heap   total 65536K, used 52919K [0x0000000081e00000, 0x0000000100000000)
  region size 1024K, 27 young (27648K), 2 survivors (2048K)
 Metaspace       used 53081K, capacity 54838K, committed 55160K, reserved 1095680K
  class space    used 7303K, capacity 7958K, committed 8064K, reserved 1048576K
}
Event: 13205.105 GC heap after
{Heap after GC invocations=46 (full 1):
 garbage-first heap   total 65536K, used 27374K [0x0000000081e00000, 0x0000000100000000)
  region size 1024K, 2 young (2048K), 2 survivors (2048K)
 Metaspace       used 53081K, capacity 54838K, committed 55160K, reserved 1095680K
  class space    used 7303K, capacity 7958K, committed 8064K, reserved 1048576K
}
Event: 13773.906 GC heap before
{Heap before GC invocations=46 (full 1):
 garbage-first heap   total 65536K, used 51950K [0x0000000081e00000, 0x0000000100000000)
  region size 1024K, 26 young (26624K), 2 survivors (2048K)
 Metaspace       used 53081K, capacity 54838K, committed 55160K, reserved 1095680K
  class space    used 7303K, capacity 7958K, committed 8064K, reserved 1048576K
}
Event: 13773.936 GC heap after
{Heap after GC invocations=47 (full 1):
 garbage-first heap   total 65536K, used 27224K [0x0000000081e00000, 0x0000000100000000)
  region size 1024K, 2 young (2048K), 2 survivors (2048K)
 Metaspace       used 53081K, capacity 54838K, committed 55160K, reserved 1095680K
  class space    used 7303K, capacity 7958K, committed 8064K, reserved 1048576K
}
Event: 14331.556 GC heap before
{Heap before GC invocations=47 (full 1):
 garbage-first heap   total 65536K, used 51800K [0x0000000081e00000, 0x0000000100000000)
  region size 1024K, 26 young (26624K), 2 survivors (2048K)
 Metaspace       used 53082K, capacity 54838K, committed 55160K, reserved 1095680K
  class space    used 7303K, capacity 7958K, committed 8064K, reserved 1048576K
}
Event: 14331.571 GC heap after
{Heap after GC invocations=48 (full 1):
 garbage-first heap   total 65536K, used 27255K [0x0000000081e00000, 0x0000000100000000)
  region size 1024K, 2 young (2048K), 2 survivors (2048K)
 Metaspace       used 53082K, capacity 54838K, committed 55160K, reserved 1095680K
  class space    used 7303K, capacity 7958K, committed 8064K, reserved 1048576K
}
Event: 14883.695 GC heap before
{Heap before GC invocations=48 (full 1):
 garbage-first heap   total 65536K, used 51831K [0x0000000081e00000, 0x0000000100000000)
  region size 1024K, 27 young (27648K), 2 survivors (2048K)
 Metaspace       used 53097K, capacity 54914K, committed 55160K, reserved 1095680K
  class space    used 7308K, capacity 7960K, committed 8064K, reserved 1048576K
}
Event: 14883.710 GC heap after
{Heap after GC invocations=49 (full 1):
 garbage-first heap   total 65536K, used 27500K [0x0000000081e00000, 0x0000000100000000)
  region size 1024K, 1 young (1024K), 1 survivors (1024K)
 Metaspace       used 53097K, capacity 54914K, committed 55160K, reserved 1095680K
  class space    used 7308K, capacity 7960K, committed 8064K, reserved 1048576K
}
Event: 15470.660 GC heap before
{Heap before GC invocations=49 (full 1):
 garbage-first heap   total 65536K, used 53100K [0x0000000081e00000, 0x0000000100000000)
  region size 1024K, 26 young (26624K), 1 survivors (1024K)
 Metaspace       used 53097K, capacity 54914K, committed 55160K, reserved 1095680K
  class space    used 7308K, capacity 7960K, committed 8064K, reserved 1048576K
}
Event: 15470.689 GC heap after
{Heap after GC invocations=50 (full 1):
 garbage-first heap   total 65536K, used 27404K [0x0000000081e00000, 0x0000000100000000)
  region size 1024K, 1 young (1024K), 1 survivors (1024K)
 Metaspace       used 53097K, capacity 54914K, committed 55160K, reserved 1095680K
  class space    used 7308K, capacity 7960K, committed 8064K, reserved 1048576K
}
Event: 16064.476 GC heap before
{Heap before GC invocations=50 (full 1):
 garbage-first heap   total 65536K, used 53004K [0x0000000081e00000, 0x0000000100000000)
  region size 1024K, 26 young (26624K), 1 survivors (1024K)
 Metaspace       used 53097K, capacity 54914K, committed 55160K, reserved 1095680K
  class space    used 7308K, capacity 7960K, committed 8064K, reserved 1048576K
}
Event: 16064.506 GC heap after
{Heap after GC invocations=51 (full 1):
 garbage-first heap   total 65536K, used 27350K [0x0000000081e00000, 0x0000000100000000)
  region size 1024K, 1 young (1024K), 1 survivors (1024K)
 Metaspace       used 53097K, capacity 54914K, committed 55160K, reserved 1095680K
  class space    used 7308K, capacity 7960K, committed 8064K, reserved 1048576K
}
Event: 16645.982 GC heap before
{Heap before GC invocations=51 (full 1):
 garbage-first heap   total 65536K, used 52950K [0x0000000081e00000, 0x0000000100000000)
  region size 1024K, 26 young (26624K), 1 survivors (1024K)
 Metaspace       used 53097K, capacity 54914K, committed 55160K, reserved 1095680K
  class space    used 7308K, capacity 7960K, committed 8064K, reserved 1048576K
}
Event: 16646.034 GC heap after
{Heap after GC invocations=52 (full 1):
 garbage-first heap   total 65536K, used 27445K [0x0000000081e00000, 0x0000000100000000)
  region size 1024K, 1 young (1024K), 1 survivors (1024K)
 Metaspace       used 53097K, capacity 54914K, committed 55160K, reserved 1095680K
  class space    used 7308K, capacity 7960K, committed 8064K, reserved 1048576K
}
Event: 17225.321 GC heap before
{Heap before GC invocations=52 (full 1):
 garbage-first heap   total 65536K, used 53045K [0x0000000081e00000, 0x0000000100000000)
  region size 1024K, 26 young (26624K), 1 survivors (1024K)
 Metaspace       used 53097K, capacity 54914K, committed 55160K, reserved 1095680K
  class space    used 7308K, capacity 7960K, committed 8064K, reserved 1048576K
}
Event: 17225.421 GC heap after
{Heap after GC invocations=53 (full 1):
 garbage-first heap   total 65536K, used 27406K [0x0000000081e00000, 0x0000000100000000)
  region size 1024K, 1 young (1024K), 1 survivors (1024K)
 Metaspace       used 53097K, capacity 54914K, committed 55160K, reserved 1095680K
  class space    used 7308K, capacity 7960K, committed 8064K, reserved 1048576K
}
Event: 17819.759 GC heap before
{Heap before GC invocations=53 (full 1):
 garbage-first heap   total 65536K, used 51982K [0x0000000081e00000, 0x0000000100000000)
  region size 1024K, 26 young (26624K), 1 survivors (1024K)
 Metaspace       used 53097K, capacity 54914K, committed 55160K, reserved 1095680K
  class space    used 7308K, capacity 7960K, committed 8064K, reserved 1048576K
}
Event: 17819.863 GC heap after
{Heap after GC invocations=54 (full 1):
 garbage-first heap   total 65536K, used 27298K [0x0000000081e00000, 0x0000000100000000)
  region size 1024K, 1 young (1024K), 1 survivors (1024K)
 Metaspace       used 53097K, capacity 54914K, committed 55160K, reserved 1095680K
  class space    used 7308K, capacity 7960K, committed 8064K, reserved 1048576K
}

Deoptimization events (6 events):
Event: 6.630 Thread 0x00000171e6a9f800 DEOPT PACKING pc=0x00000171cff7cd14 sp=0x0000003d196fcbe0
Event: 6.630 Thread 0x00000171e6a9f800 DEOPT UNPACKING pc=0x00000171cf61964e sp=0x0000003d196fc148 mode 0
Event: 10.904 Thread 0x00000171e6a9f800 DEOPT PACKING pc=0x00000171cff52203 sp=0x0000003d196fd2e0
Event: 10.904 Thread 0x00000171e6a9f800 DEOPT UNPACKING pc=0x00000171cf61964e sp=0x0000003d196fc7e8 mode 3
Event: 17.534 Thread 0x00000171e9e5c000 DEOPT PACKING pc=0x00000171cfe2b304 sp=0x0000003d1a3fbea0
Event: 17.534 Thread 0x00000171e9e5c000 DEOPT UNPACKING pc=0x00000171cf61964e sp=0x0000003d1a3fb3c8 mode 0

Classes unloaded (1 events):
Event: 9.182 Thread 0x00000171e56f5000 Unloading class 0x0000000800c56840 'org/springframework/core/GenericTypeResolver$$Lambda$153'

Classes redefined (0 events):
No events

Internal exceptions (20 events):
Event: 231.413 Thread 0x00000171e9e60000 Implicit null exception at 0x00000171d002628d to 0x00000171d00265cf
Event: 231.413 Thread 0x00000171e9e60000 Exception <a 'java/lang/NullPointerException'{0x0000000085415300}> (0x0000000085415300) 
thrown [t:/workspace/open/src/hotspot/share/runtime/sharedRuntime.cpp, line 585]
Event: 231.413 Thread 0x00000171e9e60000 Implicit null exception at 0x00000171d002628d to 0x00000171d00265cf
Event: 231.413 Thread 0x00000171e9e60000 Exception <a 'java/lang/NullPointerException'{0x0000000085416188}> (0x0000000085416188) 
thrown [t:/workspace/open/src/hotspot/share/runtime/sharedRuntime.cpp, line 585]
Event: 231.413 Thread 0x00000171e9e60000 Implicit null exception at 0x00000171d002628d to 0x00000171d00265cf
Event: 231.413 Thread 0x00000171e9e60000 Exception <a 'java/lang/NullPointerException'{0x0000000085417010}> (0x0000000085417010) 
thrown [t:/workspace/open/src/hotspot/share/runtime/sharedRuntime.cpp, line 585]
Event: 231.413 Thread 0x00000171e9e60000 Implicit null exception at 0x00000171d002628d to 0x00000171d00265cf
Event: 231.413 Thread 0x00000171e9e60000 Exception <a 'java/lang/NullPointerException'{0x0000000085417e10}> (0x0000000085417e10) 
thrown [t:/workspace/open/src/hotspot/share/runtime/sharedRuntime.cpp, line 585]
Event: 231.413 Thread 0x00000171e9e60000 Implicit null exception at 0x00000171d002628d to 0x00000171d00265cf
Event: 231.413 Thread 0x00000171e9e60000 Exception <a 'java/lang/NullPointerException'{0x00000000854198e8}> (0x00000000854198e8) 
thrown [t:/workspace/open/src/hotspot/share/runtime/sharedRuntime.cpp, line 585]
Event: 231.577 Thread 0x00000171e9e60000 Exception <a 'java/lang/ClassNotFoundException'{0x000000008490a568}: java/lang/ObjectCustomizer> (0x000000008490a568) 
thrown [t:/workspace/open/src/hotspot/share/classfile/systemDictionary.cpp, line 232]
Event: 231.577 Thread 0x00000171e9e60000 Exception <a 'java/lang/ClassNotFoundException'{0x000000008491c258}: com/brodrigues/bromoneyapi/model/CategoriaCustomizer> (0x000000008491c258) 
thrown [t:/workspace/open/src/hotspot/share/classfile/systemDictionary.cpp, line 232]
Event: 231.594 Thread 0x00000171e9e60000 Exception <a 'java/lang/ClassNotFoundException'{0x000000008468ea80}: java/lang/ObjectCustomizer> (0x000000008468ea80) 
thrown [t:/workspace/open/src/hotspot/share/classfile/systemDictionary.cpp, line 232]
Event: 231.595 Thread 0x00000171e9e60000 Exception <a 'java/lang/ClassNotFoundException'{0x00000000846a0850}: com/brodrigues/bromoneyapi/model/LancamentoCustomizer> (0x00000000846a0850) 
thrown [t:/workspace/open/src/hotspot/share/classfile/systemDictionary.cpp, line 232]
Event: 231.599 Thread 0x00000171e9e60000 Exception <a 'java/lang/ClassNotFoundException'{0x00000000846f9248}: java/lang/ObjectCustomizer> (0x00000000846f9248) 
thrown [t:/workspace/open/src/hotspot/share/classfile/systemDictionary.cpp, line 232]
Event: 231.600 Thread 0x00000171e9e60000 Exception <a 'java/lang/ClassNotFoundException'{0x000000008430b5b8}: com/brodrigues/bromoneyapi/model/PessoaCustomizer> (0x000000008430b5b8) 
thrown [t:/workspace/open/src/hotspot/share/classfile/systemDictionary.cpp, line 232]
Event: 231.602 Thread 0x00000171e9e60000 Exception <a 'java/lang/ClassNotFoundException'{0x0000000084331550}: java/lang/ObjectCustomizer> (0x0000000084331550) 
thrown [t:/workspace/open/src/hotspot/share/classfile/systemDictionary.cpp, line 232]
Event: 231.603 Thread 0x00000171e9e60000 Exception <a 'java/lang/ClassNotFoundException'{0x0000000084343f88}: com/brodrigues/bromoneyapi/model/EnderecoCustomizer> (0x0000000084343f88) 
thrown [t:/workspace/open/src/hotspot/share/classfile/systemDictionary.cpp, line 232]
Event: 14336.436 Thread 0x00000171e9e69800 Exception <a 'java/lang/ArrayIndexOutOfBoundsException'{0x0000000089de2688}: Index -1 out of bounds for length 128> (0x0000000089de2688) 
thrown [t:/workspace/open/src/hotspot/share/interpreter/interpreterRuntime.cpp, line 458]
Event: 18020.796 Thread 0x00000171e9e5f000 Exception <a 'java/lang/InterruptedException'{0x00000000854bda70}: sleep interrupted> (0x00000000854bda70) 
thrown [t:/workspace/open/src/hotspot/share/prims/jvm.cpp, line 2992]

Events (20 events):
Event: 18020.787 Thread 0x00000171e9e65000 Thread exited: 0x00000171e9e65000
Event: 18020.787 Thread 0x00000171e9e69800 Thread exited: 0x00000171e9e69800
Event: 18020.788 Thread 0x00000171e9e6a800 Thread exited: 0x00000171e9e6a800
Event: 18020.788 Thread 0x00000171e9e64000 Thread exited: 0x00000171e9e64000
Event: 18020.789 Executing VM operation: RevokeBias
Event: 18020.789 Executing VM operation: RevokeBias done
Event: 18020.791 Executing VM operation: RevokeBias
Event: 18020.791 Executing VM operation: RevokeBias done
Event: 18020.791 Executing VM operation: RevokeBias
Event: 18020.791 Executing VM operation: RevokeBias done
Event: 18020.792 Executing VM operation: RevokeBias
Event: 18020.792 Executing VM operation: RevokeBias done
Event: 18020.792 Thread 0x00000171e9e63000 Thread exited: 0x00000171e9e63000
Event: 18020.792 Executing VM operation: RevokeBias
Event: 18020.794 Executing VM operation: RevokeBias done
Event: 18020.796 Thread 0x00000171e9e5f000 Thread exited: 0x00000171e9e5f000
Event: 18020.797 Thread 0x00000171e9e5d800 Thread exited: 0x00000171e9e5d800
Event: 18020.797 Thread 0x00000171e9e60800 Thread exited: 0x00000171e9e60800
Event: 18020.801 Thread 0x00000171e7d0b000 Thread exited: 0x00000171e7d0b000
Event: 18020.805 Executing VM operation: G1CollectFull


Dynamic libraries:
0x00007ff7559b0000 - 0x00007ff7559bf000 	C:\Program Files\Java\jdk-13.0.1\bin\javaw.exe
0x00007ffaf70e0000 - 0x00007ffaf72d0000 	C:\WINDOWS\SYSTEM32\ntdll.dll
0x00007ffae40e0000 - 0x00007ffae40f4000 	C:\Program Files\AVAST Software\Avast\aswhook.dll
0x00007ffaf6e90000 - 0x00007ffaf6f42000 	C:\WINDOWS\System32\KERNEL32.DLL
0x00007ffaf4240000 - 0x00007ffaf44e3000 	C:\WINDOWS\System32\KERNELBASE.dll
0x00007ffaf2150000 - 0x00007ffaf21df000 	C:\WINDOWS\SYSTEM32\apphelp.dll
0x00007ffaf4140000 - 0x00007ffaf423a000 	C:\WINDOWS\System32\ucrtbase.dll
0x00007ffaefe80000 - 0x00007ffaefe98000 	C:\Program Files\Java\jdk-13.0.1\bin\jli.dll
0x00007ffaf6820000 - 0x00007ffaf68c3000 	C:\WINDOWS\System32\ADVAPI32.dll
0x00007ffaf7000000 - 0x00007ffaf709e000 	C:\WINDOWS\System32\msvcrt.dll
0x00007ffaf68d0000 - 0x00007ffaf6967000 	C:\WINDOWS\System32\sechost.dll
0x00007ffaf5260000 - 0x00007ffaf5380000 	C:\WINDOWS\System32\RPCRT4.dll
0x00007ffaf6320000 - 0x00007ffaf64b4000 	C:\WINDOWS\System32\USER32.dll
0x00007ffaf46e0000 - 0x00007ffaf4701000 	C:\WINDOWS\System32\win32u.dll
0x00007ffaf62f0000 - 0x00007ffaf6316000 	C:\WINDOWS\System32\GDI32.dll
0x00007ffaf44f0000 - 0x00007ffaf4684000 	C:\WINDOWS\System32\gdi32full.dll
0x00007ffaf5040000 - 0x00007ffaf50de000 	C:\WINDOWS\System32\msvcp_win.dll
0x00007ffaefd40000 - 0x00007ffaefd55000 	C:\Program Files\Java\jdk-13.0.1\bin\VCRUNTIME140.dll
0x00007ffadd290000 - 0x00007ffadd515000 	C:\WINDOWS\WinSxS\amd64_microsoft.windows.common-controls_6595b64144ccf1df_6.0.18362.535_none_e6c3b34713100821\COMCTL32.dll
0x00007ffaf6a10000 - 0x00007ffaf6d46000 	C:\WINDOWS\System32\combase.dll
0x00007ffaf4070000 - 0x00007ffaf40f0000 	C:\WINDOWS\System32\bcryptPrimitives.dll
0x00007ffaeccb0000 - 0x00007ffaeccba000 	C:\WINDOWS\SYSTEM32\VERSION.dll
0x00007ffaf6970000 - 0x00007ffaf699e000 	C:\WINDOWS\System32\IMM32.DLL
0x00007ffae2da0000 - 0x00007ffae2e3b000 	C:\Program Files\Java\jdk-13.0.1\bin\msvcp140.dll
0x00007ffa83c00000 - 0x00007ffa84766000 	C:\Program Files\Java\jdk-13.0.1\bin\server\jvm.dll
0x00007ffaf6270000 - 0x00007ffaf6278000 	C:\WINDOWS\System32\PSAPI.DLL
0x00007ffae3ac0000 - 0x00007ffae3ac9000 	C:\WINDOWS\SYSTEM32\WSOCK32.dll
0x00007ffaf6280000 - 0x00007ffaf62ef000 	C:\WINDOWS\System32\WS2_32.dll
0x00007ffaeb250000 - 0x00007ffaeb274000 	C:\WINDOWS\SYSTEM32\WINMM.dll
0x00007ffaeb010000 - 0x00007ffaeb03d000 	C:\WINDOWS\SYSTEM32\WINMMBASE.dll
0x00007ffaf4690000 - 0x00007ffaf46da000 	C:\WINDOWS\System32\cfgmgr32.dll
0x00007ffaf3fe0000 - 0x00007ffaf3ff1000 	C:\WINDOWS\System32\kernel.appcore.dll
0x00007ffaec830000 - 0x00007ffaec840000 	C:\Program Files\Java\jdk-13.0.1\bin\verify.dll
0x00007ffaed000000 - 0x00007ffaed1f4000 	C:\WINDOWS\SYSTEM32\DBGHELP.DLL
0x00007ffaecba0000 - 0x00007ffaecbca000 	C:\WINDOWS\SYSTEM32\dbgcore.DLL
0x00007ffade380000 - 0x00007ffade3a6000 	C:\Program Files\Java\jdk-13.0.1\bin\java.dll
0x00007ffadff70000 - 0x00007ffadff87000 	C:\Program Files\Java\jdk-13.0.1\bin\zip.dll
0x00007ffaec790000 - 0x00007ffaec79a000 	C:\Program Files\Java\jdk-13.0.1\bin\jimage.dll
0x00007ffaf5b80000 - 0x00007ffaf6265000 	C:\WINDOWS\System32\SHELL32.dll
0x00007ffaf6f50000 - 0x00007ffaf6ff9000 	C:\WINDOWS\System32\shcore.dll
0x00007ffaf48c0000 - 0x00007ffaf503f000 	C:\WINDOWS\System32\windows.storage.dll
0x00007ffaf4000000 - 0x00007ffaf401f000 	C:\WINDOWS\System32\profapi.dll
0x00007ffaf4020000 - 0x00007ffaf406a000 	C:\WINDOWS\System32\powrprof.dll
0x00007ffaf3fb0000 - 0x00007ffaf3fc0000 	C:\WINDOWS\System32\UMPDC.dll
0x00007ffaf5200000 - 0x00007ffaf5252000 	C:\WINDOWS\System32\shlwapi.dll
0x00007ffaf40f0000 - 0x00007ffaf4107000 	C:\WINDOWS\System32\cryptsp.dll
0x00007ffade360000 - 0x00007ffade379000 	C:\Program Files\Java\jdk-13.0.1\bin\net.dll
0x00007ffaeba20000 - 0x00007ffaebb10000 	C:\WINDOWS\SYSTEM32\WINHTTP.dll
0x00007ffaf3820000 - 0x00007ffaf3887000 	C:\WINDOWS\system32\mswsock.dll
0x00007ffade340000 - 0x00007ffade353000 	C:\Program Files\Java\jdk-13.0.1\bin\nio.dll
0x00007ffaefe70000 - 0x00007ffaefe79000 	C:\Program Files\Java\jdk-13.0.1\bin\management.dll
0x00007ffaeef80000 - 0x00007ffaeef8b000 	C:\Program Files\Java\jdk-13.0.1\bin\management_ext.dll
0x00007ffaeaee0000 - 0x00007ffaeaef6000 	C:\WINDOWS\system32\napinsp.dll
0x00007ffaeaec0000 - 0x00007ffaeaeda000 	C:\WINDOWS\system32\pnrpnsp.dll
0x00007ffaf3570000 - 0x00007ffaf363a000 	C:\WINDOWS\SYSTEM32\DNSAPI.dll
0x00007ffaf64c0000 - 0x00007ffaf64c8000 	C:\WINDOWS\System32\NSI.dll
0x00007ffaf3530000 - 0x00007ffaf356a000 	C:\WINDOWS\SYSTEM32\IPHLPAPI.DLL
0x00007ffaefeb0000 - 0x00007ffaefebe000 	C:\WINDOWS\System32\winrnr.dll
0x00007ffaee4e0000 - 0x00007ffaee4fc000 	C:\WINDOWS\system32\NLAapi.dll
0x00007ffaefe30000 - 0x00007ffaefe45000 	C:\WINDOWS\system32\wshbth.dll
0x00007ffaeaac0000 - 0x00007ffaeaaca000 	C:\Windows\System32\rasadhlp.dll
0x00007ffaec660000 - 0x00007ffaec6d7000 	C:\WINDOWS\System32\fwpuclnt.dll
0x00007ffaf4110000 - 0x00007ffaf4136000 	C:\WINDOWS\System32\bcrypt.dll
0x00007ffaf3390000 - 0x00007ffaf33c3000 	C:\WINDOWS\system32\rsaenh.dll
0x00007ffaf3ed0000 - 0x00007ffaf3ef5000 	C:\WINDOWS\SYSTEM32\USERENV.dll
0x00007ffaf39f0000 - 0x00007ffaf39fc000 	C:\WINDOWS\SYSTEM32\CRYPTBASE.dll
0x00007ffaeccc0000 - 0x00007ffaeccd6000 	C:\WINDOWS\SYSTEM32\dhcpcsvc6.DLL
0x00007ffaecc50000 - 0x00007ffaecc6c000 	C:\WINDOWS\SYSTEM32\dhcpcsvc.DLL

dbghelp: loaded successfully - version: 4.0.5 - missing functions: none
symbol engine: initialized successfully - sym options: 0x614 - pdb path: .;C:\Program Files\Java\jdk-13.0.1\bin;C:\WINDOWS\SYSTEM32;C:\Program Files\AVAST Software\Avast;C:\WINDOWS\WinSxS\amd64_microsoft.windows.common-controls_6595b64144ccf1df_6.0.18362.535_none_e6c3b34713100821;C:\Program Files\Java\jdk-13.0.1\bin\server

VM Arguments:
jvm_args: -Dcom.sun.management.jmxremote -Dcom.sun.management.jmxremote.port=55252 -Dcom.sun.management.jmxremote.authenticate=false -Dcom.sun.management.jmxremote.ssl=false -Djava.rmi.server.hostname=localhost -Dspring.jmx.enabled=true -Dspring.liveBeansView.mbeanDomain -Dspring.application.admin.enabled=true -Xverify:none -XX:TieredStopAtLevel=1 -Dspring.boot.project.name=bromoney-api -Dfile.encoding=UTF-8 
java_command: com.brodrigues.bromoneyapi.BromoneyApiApplication --spring.output.ansi.enabled=always
java_class_path (initial): C:\Users\Andre\Documents\workspace-sts-3.9.11.RELEASE\bromoney-api\target\classes;C:\Users\Andre\.m2\repository\org\springframework\boot\spring-boot-starter-data-jpa\2.2.2.RELEASE\spring-boot-starter-data-jpa-2.2.2.RELEASE.jar;C:\Users\Andre\.m2\repository\org\springframework\boot\spring-boot-starter-aop\2.2.2.RELEASE\spring-boot-starter-aop-2.2.2.RELEASE.jar;C:\Users\Andre\.m2\repository\org\springframework\spring-aop\5.2.2.RELEASE\spring-aop-5.2.2.RELEASE.jar;C:\Users\Andre\.m2\repository\org\aspectj\aspectjweaver\1.9.5\aspectjweaver-1.9.5.jar;C:\Users\Andre\.m2\repository\org\springframework\boot\spring-boot-starter-jdbc\2.2.2.RELEASE\spring-boot-starter-jdbc-2.2.2.RELEASE.jar;C:\Users\Andre\.m2\repository\com\zaxxer\HikariCP\3.4.1\HikariCP-3.4.1.jar;C:\Users\Andre\.m2\repository\org\springframework\spring-jdbc\5.2.2.RELEASE\spring-jdbc-5.2.2.RELEASE.jar;C:\Users\Andre\.m2\repository\jakarta\activation\jakarta.activation-api\1.2.1\jakarta.activation-api-1.2.1.jar;C:\Users\Andre\.m2\repository\jakarta\persistence\jakarta.persistence-api\2.2.3\jakarta.persistence-api-2.2.3.jar;C:\Users\Andre\.m2\repository\jakarta\transaction\jakarta.transaction-api\1.3.3\jakarta.transaction-api-1.3.3.jar;C:\Users\Andre\.m2\repository\org\hibernate\hibernate-core\5.4.9.Final\hibernate-core-5.4.9.Final.jar;C:\Users\Andre\.m2\repository\org\javassist\javassist\3.24.0-GA\javassist-3.24.0-GA.jar;C:\Users\Andre\.m2\repository\net\bytebuddy\byte-buddy\1.10.4\byte-buddy-1.10.4.jar;C:\Users\Andre\.m2\repository\antlr\antlr\2.7.7\antlr-2.7.7.jar;C:\Users\Andre\.m2\repository\org\jboss\jandex\2.1.1.Final\jandex-2.1.1.Final.jar;C:\Users\Andre\.m2\repository\com\fasterxml\classmate\1.5.1\classmate-1.5.1.jar;C:\Users\Andre\.m2\repository\org\dom4j\dom4j\2.1.1\dom4j-2.1.1.jar;C:\Users\Andre\.m2\repository\org\hibernate\common\hibernate-commons-annotations\5.1.0.Final\hibernate-commons-annotations-5.1.0.Final.jar;C:\Users\Andre\.m2\repository\org\glassfish\jaxb\jaxb-r
Launcher Type: SUN_STANDARD

[Global flags]
     intx CICompilerCount                          = 3                                         {product} {ergonomic}
     uint ConcGCThreads                            = 1                                         {product} {ergonomic}
     uint G1ConcRefinementThreads                  = 4                                         {product} {ergonomic}
   size_t G1HeapRegionSize                         = 1048576                                   {product} {ergonomic}
    uintx GCDrainStackTargetSize                   = 64                                        {product} {ergonomic}
   size_t InitialHeapSize                          = 134217728                                 {product} {ergonomic}
     bool ManagementServer                         = true                                      {product} {command line}
   size_t MarkStackSize                            = 4194304                                   {product} {ergonomic}
   size_t MaxHeapSize                              = 2116026368                                {product} {ergonomic}
   size_t MaxNewSize                               = 1268776960                                {product} {ergonomic}
   size_t MinHeapDeltaBytes                        = 1048576                                   {product} {ergonomic}
   size_t MinHeapSize                              = 8388608                                   {product} {ergonomic}
    uintx NonNMethodCodeHeapSize                   = 6973028                                {pd product} {ergonomic}
    uintx NonProfiledCodeHeapSize                  = 244685212                              {pd product} {ergonomic}
    uintx ProfiledCodeHeapSize                     = 0                                      {pd product} {ergonomic}
    uintx ReservedCodeCacheSize                    = 251658240                              {pd product} {ergonomic}
     bool SegmentedCodeCache                       = true                                      {product} {ergonomic}
   size_t SoftMaxHeapSize                          = 2116026368                             {manageable} {ergonomic}
     intx TieredStopAtLevel                        = 1                                         {product} {command line}
     bool UseCompressedClassPointers               = true                                 {lp64_product} {ergonomic}
     bool UseCompressedOops                        = true                                 {lp64_product} {ergonomic}
     bool UseG1GC                                  = true                                      {product} {ergonomic}
     bool UseLargePagesIndividualAllocation        = false                                  {pd product} {ergonomic}

Logging:
Log output configuration:
 #0: stdout all=warning uptime,level,tags
 #1: stderr all=off uptime,level,tags

Environment Variables:
JAVA_HOME=C:\Program Files\Java\jdk-13.0.1
CLASSPATH=.;C:\Program Files\Java\jdk-13.0.1
PATH=C:/Program Files/Java/jdk-13.0.1/bin/server;C:/Program Files/Java/jdk-13.0.1/bin;C:\WINDOWS\system32;C:\WINDOWS;C:\WINDOWS\System32\Wbem;C:\WINDOWS\System32\WindowsPowerShell\v1.0\;C:\WINDOWS\System32\OpenSSH\;C:\Program Files\Java\jdk-13.0.1\bin;C:\Program Files\PuTTY\;C:\Program Files\nodejs\;C:\Program Files\Git\cmd;C:\Users\Andre\AppData\Local\Microsoft\WindowsApps;C:\Users\Andre\AppData\Local\Programs\Microsoft VS Code\bin;C:\Program Files (x86)\Sophos\Sophos SSL VPN Client\bin;C:\Users\Andre\AppData\Roaming\npm;C:\Program Files\heroku\bin;C:\sts-bundle\sts-3.9.11.RELEASE;
USERNAME=Andre
OS=Windows_NT
PROCESSOR_IDENTIFIER=Intel64 Family 6 Model 142 Stepping 9, GenuineIntel



---------------  S Y S T E M  ---------------

OS: Windows 10 , 64 bit Build 18362 (10.0.18362.329)

CPU:total 4 (initial active 4) (2 cores per cpu, 2 threads per core) family 6 model 142 stepping 9, cmov, cx8, fxsr, mmx, sse, sse2, sse3, ssse3, sse4.1, sse4.2, popcnt, avx, avx2, aes, clmul, erms, 3dnowpref, lzcnt, ht, tsc, tscinvbit, bmi1, bmi2, adx, fma

Memory: 4k page, system-wide physical 8066M (1922M free)
TotalPageFile size 22298M (AvailPageFile size 6M)
current process WorkingSet (physical memory assigned to process): 40M, peak: 194M
current process commit charge ("private bytes"): 236M, peak: 239M

vm_info: Java HotSpot(TM) 64-Bit Server VM (13.0.1+9) for windows-amd64 JRE (13.0.1+9), built on Oct  6 2019 12:37:49 by "mach5one" with unknown MS VC++:1916

END.
